#
# A fatal error has been detected by the Java Runtime Environment:
#
#  SIGSEGV (0xb) at pc=0x0000000111003854, pid=17037, tid=8963
#
# JRE version: OpenJDK Runtime Environment (15.0.2+7) (build 15.0.2+7-27)
# Java VM: OpenJDK 64-Bit Server VM (15.0.2+7-27, mixed mode, tiered, compressed oops, g1 gc, bsd-amd64)
# Problematic frame:
# V  [libjvm.dylib+0x3854]  AccessInternal::PostRuntimeDispatch<G1BarrierSet::AccessBarrier<548980ull, G1BarrierSet>, (AccessInternal::BarrierType)2, 548980ull>::oop_access_barrier(void*)+0x4
#
# No core dump will be written. Core dumps have been disabled. To enable core dumping, try "ulimit -c unlimited" before starting Java again
#
# If you would like to submit a bug report, please visit:
#   https://bugreport.java.com/bugreport/crash.jsp
#

---------------  S U M M A R Y ------------

Command Line: -Dfile.encoding=UTF-8 -XX:+ShowCodeDetailsInExceptionMessages org.apache.catalina.startup.Tomcat$1

Host: MacBookPro17,1 x86_64 2400 MHz, 8 cores, 8G, Darwin 20.6.0
Time: Fri Dec  3 13:55:55 2021 EET elapsed time: 0.255178 seconds (0d 0h 0m 0s)

---------------  T H R E A D  ---------------

Current thread (0x00007fcd9a00ce00):  JavaThread "main" [_thread_in_vm, id=8963, stack(0x000000030ce81000,0x000000030cf81000)]

Stack: [0x000000030ce81000,0x000000030cf81000],  sp=0x000000030cf80df0,  free space=1023k
Native frames: (J=compiled Java code, A=aot compiled Java code, j=interpreted, Vv=VM code, C=native code)
V  [libjvm.dylib+0x3854]  AccessInternal::PostRuntimeDispatch<G1BarrierSet::AccessBarrier<548980ull, G1BarrierSet>, (AccessInternal::BarrierType)2, 548980ull>::oop_access_barrier(void*)+0x4
V  [libjvm.dylib+0x518281]  jni_GetStringUTFChars+0xd1
C  [libjli.dylib+0x79ed]  PostJVMInit+0xad
C  [libjli.dylib+0x4ed8]  JavaMain+0xbb8
C  [libjli.dylib+0x7659]  ThreadJavaMain+0x9
C  [libsystem_pthread.dylib+0x68fc]  _pthread_start+0xe0
C  [libsystem_pthread.dylib+0x2443]  thread_start+0xf


siginfo: si_signo: 11 (SIGSEGV), si_code: 1 (SEGV_MAPERR), si_addr: 0x0000000000000000

Register to memory mapping:

RAX=0x0000000104638000 points into unknown readable memory: 0x0000000000000000 | 00 00 00 00 00 00 00 00
RBX=0x00007fcd9a00d128 points into unknown readable memory: 0x0000000111bcff70 | 70 ff bc 11 01 00 00 00
RCX=0x0000000111bcff70: jni_NativeInterface+0 in /Users/suraj/.p2/pool/plugins/org.eclipse.justj.openjdk.hotspot.jre.full.macosx.x86_64_15.0.2.v20210201-0955/jre/lib/server/libjvm.dylib at 0x0000000111000000
RDX=0x0 is NULL
RSP=0x000000030cf80df0 is pointing into the stack for thread: 0x00007fcd9a00ce00
RBP=0x000000030cf80df0 is pointing into the stack for thread: 0x00007fcd9a00ce00
RSI=0x0 is NULL
RDI=0x0 is NULL
R8 ={method} {0x000000012cc3cde0} 'getCanonicalName' '()Ljava/lang/String;' in 'java/lang/Class'
R9 =0x00007fcd99648840 points into unknown readable memory: 0x000000012cc3cde0 | e0 cd c3 2c 01 00 00 00
R10=0x0000000111c4e1c0: _ZN19TemplateInterpreter13_active_tableE+0x4800 in /Users/suraj/.p2/pool/plugins/org.eclipse.justj.openjdk.hotspot.jre.full.macosx.x86_64_15.0.2.v20210201-0955/jre/lib/server/libjvm.dylib at 0x0000000111000000
R11=0x0 is NULL
R12=0x00007fcd9a00ce00 is a thread
R13=0x0 is NULL
R14=0x0 is NULL
R15=0x0 is NULL


Registers:
RAX=0x0000000104638000, RBX=0x00007fcd9a00d128, RCX=0x0000000111bcff70, RDX=0x0000000000000000
RSP=0x000000030cf80df0, RBP=0x000000030cf80df0, RSI=0x0000000000000000, RDI=0x0000000000000000
R8 =0x000000012cc3cde0, R9 =0x00007fcd99648840, R10=0x0000000111c4e1c0, R11=0x0000000000000000
R12=0x00007fcd9a00ce00, R13=0x0000000000000000, R14=0x0000000000000000, R15=0x0000000000000000
RIP=0x0000000111003854, EFLAGS=0x0000000000000246, ERR=0x0000000000000004
  TRAPNO=0x000000000000000e

Top of Stack: (sp=0x000000030cf80df0)
0x000000030cf80df0:   000000030cf80e80 0000000111518281
0x000000030cf80e00:   00007fcd9a00ce00 0000000000000000
0x000000030cf80e10:   000000010cb47b92 00007fcd9a00ce00
0x000000030cf80e20:   45df25dfe03a008f 00007fcd9a00d128
0x000000030cf80e30:   00007fcd9a00ce00 0000000000000000
0x000000030cf80e40:   00007fcd9a00d128 00007fcd9a00ce00
0x000000030cf80e50:   000000030cf80e80 00007fcd9a00d128
0x000000030cf80e60:   00007fcd995122d8 0000000000000000
0x000000030cf80e70:   0000000000000000 00007fcd995122d0
0x000000030cf80e80:   000000030cf80f10 000000010cb439ed
0x000000030cf80e90:   00007fcd9a00d128 00007fcd9a00ce00
0x000000030cf80ea0:   000000030cf80ed0 0000000111504897
0x000000030cf80eb0:   45df25dfe03a008f 00007fcd995122b8
0x000000030cf80ec0:   00007fcd995122d8 0000000000000000
0x000000030cf80ed0:   00007fcd9a00d128 00007fcd9a00ce00
0x000000030cf80ee0:   000000030cf80f10 45df25dfe03a008f
0x000000030cf80ef0:   00007fcd995122b8 00007fcd995122d8
0x000000030cf80f00:   00007fcd995122e8 00007fcd995122d0
0x000000030cf80f10:   000000030cf80fa0 000000010cb40ed8
0x000000030cf80f20:   00007fff20326434 0005d23c96e5e60a
0x000000030cf80f30:   0000000500010002 00007fcd99507e50
0x000000030cf80f40:   0000000000000000 0000000000002303
0x000000030cf80f50:   00007fcd99704240 0000000000000001
0x000000030cf80f60:   00007fcd997041c0 00007fcd9a00d128
0x000000030cf80f70:   0000000111bcff68 000000030cf81000
0x000000030cf80f80:   0000000000000000 0000000000000000
0x000000030cf80f90:   0000000000000000 0000000000000000
0x000000030cf80fa0:   000000030cf80fb0 000000010cb43659
0x000000030cf80fb0:   000000030cf80fd0 00007fff2032a8fc
0x000000030cf80fc0:   0000000000000000 0000000000000000
0x000000030cf80fd0:   000000030cf80ff0 00007fff20326443
0x000000030cf80fe0:   0000000000000000 00007ffdfffbc764 

Instructions: (pc=0x0000000111003854)
0x0000000111003754:   ff 0b 73 0e 48 63 c7 48 8d 0d 2e a9 ae 00 8b 04
0x0000000111003764:   81 c3 55 48 89 e5 48 8d 3d e3 be a6 00 be 9c 00
0x0000000111003774:   00 00 e8 b5 c1 2f 00 e8 20 63 82 00 31 c0 5d c3
0x0000000111003784:   66 66 66 2e 0f 1f 84 00 00 00 00 00 55 48 89 e5
0x0000000111003794:   48 8b 47 08 0f b7 48 32 0f b7 40 30 8d 44 01 19
0x00000001110037a4:   5d c3 66 2e 0f 1f 84 00 00 00 00 00 55 48 89 e5
0x00000001110037b4:   53 50 48 89 fb 48 8d 0d 78 c8 c2 00 48 8d 05 59
0x00000001110037c4:   0f c0 00 48 8b 00 8b 40 10 ff c8 80 39 00 74 10
0x00000001110037d4:   83 f8 04 73 1f 48 98 48 8d 0d fe 50 b2 00 eb 0e
0x00000001110037e4:   83 f8 04 73 0f 48 98 48 8d 0d 0e 51 b2 00 48 8b
0x00000001110037f4:   04 c1 eb 21 48 8d 3d 8c be a6 00 48 8d 15 b5 be
0x0000000111003804:   a6 00 be e8 00 00 00 31 c0 e8 1e bf 2f 00 e8 89
0x0000000111003814:   62 82 00 31 c0 48 89 05 10 8f bc 00 48 89 df 48
0x0000000111003824:   83 c4 08 5b 5d ff e0 0f 1f 44 00 00 55 48 89 e5
0x0000000111003834:   48 8b 07 5d c3 0f 1f 80 00 00 00 00 55 48 89 e5
0x0000000111003844:   48 8b 07 5d c3 0f 1f 80 00 00 00 00 55 48 89 e5
0x0000000111003854:   48 8b 07 5d c3 0f 1f 80 00 00 00 00 55 48 89 e5
0x0000000111003864:   41 57 41 56 53 50 49 89 fe 49 8b 1e 4c 8d 3d c1
0x0000000111003874:   e4 c5 00 49 85 1f 74 3c 48 89 df e8 5c 5c a3 00
0x0000000111003884:   48 89 c1 48 85 c9 74 29 48 89 d8 f0 49 0f b1 0e
0x0000000111003894:   48 89 c2 48 39 da 74 19 0f 1f 40 00 49 85 17 74
0x00000001110038a4:   10 48 89 d0 f0 49 0f b1 0e 48 39 d0 48 89 c2 75
0x00000001110038b4:   eb 48 89 cb 48 89 d8 48 83 c4 08 5b 41 5e 41 5f
0x00000001110038c4:   5d c3 66 2e 0f 1f 84 00 00 00 00 00 55 48 89 e5
0x00000001110038d4:   48 8b 07 5d c3 0f 1f 80 00 00 00 00 55 48 89 e5
0x00000001110038e4:   48 8b 07 5d c3 0f 1f 80 00 00 00 00 55 48 89 e5
0x00000001110038f4:   48 8b 07 5d c3 0f 1f 80 00 00 00 00 55 48 89 e5
0x0000000111003904:   41 57 41 56 53 50 49 89 fe 49 8b 1e 4c 8d 3d 21
0x0000000111003914:   e4 c5 00 49 85 1f 74 3c 48 89 df e8 bc 5b a3 00
0x0000000111003924:   48 89 c1 48 85 c9 74 29 48 89 d8 f0 49 0f b1 0e
0x0000000111003934:   48 89 c2 48 39 da 74 19 0f 1f 40 00 49 85 17 74
0x0000000111003944:   10 48 89 d0 f0 49 0f b1 0e 48 39 d0 48 89 c2 75 


Stack slot to memory mapping:
stack at sp + 0 slots: 0x000000030cf80e80 is pointing into the stack for thread: 0x00007fcd9a00ce00
stack at sp + 1 slots: 0x0000000111518281: jni_GetStringUTFChars+0xd1 in /Users/suraj/.p2/pool/plugins/org.eclipse.justj.openjdk.hotspot.jre.full.macosx.x86_64_15.0.2.v20210201-0955/jre/lib/server/libjvm.dylib at 0x0000000111000000
stack at sp + 2 slots: 0x00007fcd9a00ce00 is a thread
stack at sp + 3 slots: 0x0 is NULL
stack at sp + 4 slots: 0x000000010cb47b92: JLI_WildcardExpandClasspath+0x2282 in /Users/suraj/.p2/pool/plugins/org.eclipse.justj.openjdk.hotspot.jre.full.macosx.x86_64_15.0.2.v20210201-0955/jre/lib/libjli.dylib at 0x000000010cb3c000
stack at sp + 5 slots: 0x00007fcd9a00ce00 is a thread
stack at sp + 6 slots: 0x45df25dfe03a008f is an unknown value
stack at sp + 7 slots: 0x00007fcd9a00d128 points into unknown readable memory: 0x0000000111bcff70 | 70 ff bc 11 01 00 00 00


---------------  P R O C E S S  ---------------

Threads class SMR info:
_java_thread_list=0x00007fcd99641280, length=10, elements={
0x00007fcd9a00ce00, 0x00007fcd9b008800, 0x00007fcd99892e00, 0x00007fcd9b00be00,
0x00007fcd9b00fe00, 0x00007fcd99894a00, 0x00007fcd9b00f400, 0x00007fcd9a80a600,
0x00007fcd9b010400, 0x00007fcd9b010a00
}

Java Threads: ( => current thread )
=>0x00007fcd9a00ce00 JavaThread "main" [_thread_in_vm, id=8963, stack(0x000000030ce81000,0x000000030cf81000)]
  0x00007fcd9b008800 JavaThread "Reference Handler" daemon [_thread_blocked, id=15107, stack(0x000000030d596000,0x000000030d696000)]
  0x00007fcd99892e00 JavaThread "Finalizer" daemon [_thread_blocked, id=42755, stack(0x000000030d699000,0x000000030d799000)]
  0x00007fcd9b00be00 JavaThread "Signal Dispatcher" daemon [_thread_blocked, id=40707, stack(0x000000030d8ab000,0x000000030d9ab000)]
  0x00007fcd9b00fe00 JavaThread "Service Thread" daemon [_thread_blocked, id=39939, stack(0x000000030d9ae000,0x000000030daae000)]
  0x00007fcd99894a00 JavaThread "C2 CompilerThread0" daemon [_thread_blocked, id=25603, stack(0x000000030dab1000,0x000000030dbb1000)]
  0x00007fcd9b00f400 JavaThread "C1 CompilerThread0" daemon [_thread_blocked, id=38915, stack(0x000000030dbb4000,0x000000030dcb4000)]
  0x00007fcd9a80a600 JavaThread "Sweeper thread" daemon [_thread_blocked, id=38147, stack(0x000000030dcb7000,0x000000030ddb7000)]
  0x00007fcd9b010400 JavaThread "Notification Thread" daemon [_thread_blocked, id=27139, stack(0x000000030ddba000,0x000000030deba000)]
  0x00007fcd9b010a00 JavaThread "Common-Cleaner" daemon [_thread_blocked, id=35843, stack(0x000000030dfc0000,0x000000030e0c0000)]

Other Threads:
  0x00007fcd9944b0d0 VMThread "VM Thread" [stack: 0x000000030d493000,0x000000030d593000] [id=13835]
  0x00007fcd99709b20 WatcherThread [stack: 0x000000030debd000,0x000000030dfbd000] [id=36611]
  0x00007fcd9941c7c0 GCTaskThread "GC Thread#0" [stack: 0x000000030cf84000,0x000000030d084000] [id=17923]
  0x00007fcd99513560 ConcurrentGCThread "G1 Main Marker" [stack: 0x000000030d087000,0x000000030d187000] [id=17411]
  0x00007fcd99514620 ConcurrentGCThread "G1 Conc#0" [stack: 0x000000030d18a000,0x000000030d28a000] [id=16643]
  0x00007fcd994391b0 ConcurrentGCThread "G1 Refine#0" [stack: 0x000000030d28d000,0x000000030d38d000] [id=16131]
  0x00007fcd9943a260 ConcurrentGCThread "G1 Young RemSet Sampling" [stack: 0x000000030d390000,0x000000030d490000] [id=15619]

Threads with active compile tasks:

VM state: not at safepoint (normal execution)

VM Mutex/Monitor currently owned by a thread: None

Heap address: 0x0000000780000000, size: 2048 MB, Compressed Oops mode: Zero based, Oop shift amount: 3
CDS disabled.
Compressed class space mapped at: 0x0000000800000000-0x0000000840000000, size: 1073741824
Narrow klass base: 0x0000000800000000, Narrow klass shift: 0, Narrow klass range: 0x40000000

GC Precious Log:
 CPUs: 8 total, 8 available
 Memory: 8192M
 Large Page Support: Disabled
 NUMA Support: Disabled
 Compressed Oops: Enabled (Zero based)
 Heap Region Size: 1M
 Heap Min Capacity: 8M
 Heap Initial Capacity: 128M
 Heap Max Capacity: 2G
 Pre-touch: Disabled
 Parallel Workers: 8
 Concurrent Workers: 2
 Concurrent Refinement Workers: 8
 Periodic GC: Disabled

Heap:
 garbage-first heap   total 131072K, used 1024K [0x0000000780000000, 0x0000000800000000)
  region size 1024K, 3 young (3072K), 0 survivors (0K)
 Metaspace       used 5879K, capacity 6072K, committed 6272K, reserved 1056768K
  class space    used 481K, capacity 532K, committed 640K, reserved 1048576K

Heap Regions: E=young(eden), S=young(survivor), O=old, HS=humongous(starts), HC=humongous(continues), CS=collection set, F=free, OA=open archive, CA=closed archive, TAMS=top-at-mark-start (previous, next)
|   0|0x0000000780000000, 0x0000000780000000, 0x0000000780100000|  0%| F|  |TAMS 0x0000000780000000, 0x0000000780000000| Untracked 
|   1|0x0000000780100000, 0x0000000780100000, 0x0000000780200000|  0%| F|  |TAMS 0x0000000780100000, 0x0000000780100000| Untracked 
|   2|0x0000000780200000, 0x0000000780200000, 0x0000000780300000|  0%| F|  |TAMS 0x0000000780200000, 0x0000000780200000| Untracked 
|   3|0x0000000780300000, 0x0000000780300000, 0x0000000780400000|  0%| F|  |TAMS 0x0000000780300000, 0x0000000780300000| Untracked 
|   4|0x0000000780400000, 0x0000000780400000, 0x0000000780500000|  0%| F|  |TAMS 0x0000000780400000, 0x0000000780400000| Untracked 
|   5|0x0000000780500000, 0x0000000780500000, 0x0000000780600000|  0%| F|  |TAMS 0x0000000780500000, 0x0000000780500000| Untracked 
|   6|0x0000000780600000, 0x0000000780600000, 0x0000000780700000|  0%| F|  |TAMS 0x0000000780600000, 0x0000000780600000| Untracked 
|   7|0x0000000780700000, 0x0000000780700000, 0x0000000780800000|  0%| F|  |TAMS 0x0000000780700000, 0x0000000780700000| Untracked 
|   8|0x0000000780800000, 0x0000000780800000, 0x0000000780900000|  0%| F|  |TAMS 0x0000000780800000, 0x0000000780800000| Untracked 
|   9|0x0000000780900000, 0x0000000780900000, 0x0000000780a00000|  0%| F|  |TAMS 0x0000000780900000, 0x0000000780900000| Untracked 
|  10|0x0000000780a00000, 0x0000000780a00000, 0x0000000780b00000|  0%| F|  |TAMS 0x0000000780a00000, 0x0000000780a00000| Untracked 
|  11|0x0000000780b00000, 0x0000000780b00000, 0x0000000780c00000|  0%| F|  |TAMS 0x0000000780b00000, 0x0000000780b00000| Untracked 
|  12|0x0000000780c00000, 0x0000000780c00000, 0x0000000780d00000|  0%| F|  |TAMS 0x0000000780c00000, 0x0000000780c00000| Untracked 
|  13|0x0000000780d00000, 0x0000000780d00000, 0x0000000780e00000|  0%| F|  |TAMS 0x0000000780d00000, 0x0000000780d00000| Untracked 
|  14|0x0000000780e00000, 0x0000000780e00000, 0x0000000780f00000|  0%| F|  |TAMS 0x0000000780e00000, 0x0000000780e00000| Untracked 
|  15|0x0000000780f00000, 0x0000000780f00000, 0x0000000781000000|  0%| F|  |TAMS 0x0000000780f00000, 0x0000000780f00000| Untracked 
|  16|0x0000000781000000, 0x0000000781000000, 0x0000000781100000|  0%| F|  |TAMS 0x0000000781000000, 0x0000000781000000| Untracked 
|  17|0x0000000781100000, 0x0000000781100000, 0x0000000781200000|  0%| F|  |TAMS 0x0000000781100000, 0x0000000781100000| Untracked 
|  18|0x0000000781200000, 0x0000000781200000, 0x0000000781300000|  0%| F|  |TAMS 0x0000000781200000, 0x0000000781200000| Untracked 
|  19|0x0000000781300000, 0x0000000781300000, 0x0000000781400000|  0%| F|  |TAMS 0x0000000781300000, 0x0000000781300000| Untracked 
|  20|0x0000000781400000, 0x0000000781400000, 0x0000000781500000|  0%| F|  |TAMS 0x0000000781400000, 0x0000000781400000| Untracked 
|  21|0x0000000781500000, 0x0000000781500000, 0x0000000781600000|  0%| F|  |TAMS 0x0000000781500000, 0x0000000781500000| Untracked 
|  22|0x0000000781600000, 0x0000000781600000, 0x0000000781700000|  0%| F|  |TAMS 0x0000000781600000, 0x0000000781600000| Untracked 
|  23|0x0000000781700000, 0x0000000781700000, 0x0000000781800000|  0%| F|  |TAMS 0x0000000781700000, 0x0000000781700000| Untracked 
|  24|0x0000000781800000, 0x0000000781800000, 0x0000000781900000|  0%| F|  |TAMS 0x0000000781800000, 0x0000000781800000| Untracked 
|  25|0x0000000781900000, 0x0000000781900000, 0x0000000781a00000|  0%| F|  |TAMS 0x0000000781900000, 0x0000000781900000| Untracked 
|  26|0x0000000781a00000, 0x0000000781a00000, 0x0000000781b00000|  0%| F|  |TAMS 0x0000000781a00000, 0x0000000781a00000| Untracked 
|  27|0x0000000781b00000, 0x0000000781b00000, 0x0000000781c00000|  0%| F|  |TAMS 0x0000000781b00000, 0x0000000781b00000| Untracked 
|  28|0x0000000781c00000, 0x0000000781c00000, 0x0000000781d00000|  0%| F|  |TAMS 0x0000000781c00000, 0x0000000781c00000| Untracked 
|  29|0x0000000781d00000, 0x0000000781d00000, 0x0000000781e00000|  0%| F|  |TAMS 0x0000000781d00000, 0x0000000781d00000| Untracked 
|  30|0x0000000781e00000, 0x0000000781e00000, 0x0000000781f00000|  0%| F|  |TAMS 0x0000000781e00000, 0x0000000781e00000| Untracked 
|  31|0x0000000781f00000, 0x0000000781f00000, 0x0000000782000000|  0%| F|  |TAMS 0x0000000781f00000, 0x0000000781f00000| Untracked 
|  32|0x0000000782000000, 0x0000000782000000, 0x0000000782100000|  0%| F|  |TAMS 0x0000000782000000, 0x0000000782000000| Untracked 
|  33|0x0000000782100000, 0x0000000782100000, 0x0000000782200000|  0%| F|  |TAMS 0x0000000782100000, 0x0000000782100000| Untracked 
|  34|0x0000000782200000, 0x0000000782200000, 0x0000000782300000|  0%| F|  |TAMS 0x0000000782200000, 0x0000000782200000| Untracked 
|  35|0x0000000782300000, 0x0000000782300000, 0x0000000782400000|  0%| F|  |TAMS 0x0000000782300000, 0x0000000782300000| Untracked 
|  36|0x0000000782400000, 0x0000000782400000, 0x0000000782500000|  0%| F|  |TAMS 0x0000000782400000, 0x0000000782400000| Untracked 
|  37|0x0000000782500000, 0x0000000782500000, 0x0000000782600000|  0%| F|  |TAMS 0x0000000782500000, 0x0000000782500000| Untracked 
|  38|0x0000000782600000, 0x0000000782600000, 0x0000000782700000|  0%| F|  |TAMS 0x0000000782600000, 0x0000000782600000| Untracked 
|  39|0x0000000782700000, 0x0000000782700000, 0x0000000782800000|  0%| F|  |TAMS 0x0000000782700000, 0x0000000782700000| Untracked 
|  40|0x0000000782800000, 0x0000000782800000, 0x0000000782900000|  0%| F|  |TAMS 0x0000000782800000, 0x0000000782800000| Untracked 
|  41|0x0000000782900000, 0x0000000782900000, 0x0000000782a00000|  0%| F|  |TAMS 0x0000000782900000, 0x0000000782900000| Untracked 
|  42|0x0000000782a00000, 0x0000000782a00000, 0x0000000782b00000|  0%| F|  |TAMS 0x0000000782a00000, 0x0000000782a00000| Untracked 
|  43|0x0000000782b00000, 0x0000000782b00000, 0x0000000782c00000|  0%| F|  |TAMS 0x0000000782b00000, 0x0000000782b00000| Untracked 
|  44|0x0000000782c00000, 0x0000000782c00000, 0x0000000782d00000|  0%| F|  |TAMS 0x0000000782c00000, 0x0000000782c00000| Untracked 
|  45|0x0000000782d00000, 0x0000000782d00000, 0x0000000782e00000|  0%| F|  |TAMS 0x0000000782d00000, 0x0000000782d00000| Untracked 
|  46|0x0000000782e00000, 0x0000000782e00000, 0x0000000782f00000|  0%| F|  |TAMS 0x0000000782e00000, 0x0000000782e00000| Untracked 
|  47|0x0000000782f00000, 0x0000000782f00000, 0x0000000783000000|  0%| F|  |TAMS 0x0000000782f00000, 0x0000000782f00000| Untracked 
|  48|0x0000000783000000, 0x0000000783000000, 0x0000000783100000|  0%| F|  |TAMS 0x0000000783000000, 0x0000000783000000| Untracked 
|  49|0x0000000783100000, 0x0000000783100000, 0x0000000783200000|  0%| F|  |TAMS 0x0000000783100000, 0x0000000783100000| Untracked 
|  50|0x0000000783200000, 0x0000000783200000, 0x0000000783300000|  0%| F|  |TAMS 0x0000000783200000, 0x0000000783200000| Untracked 
|  51|0x0000000783300000, 0x0000000783300000, 0x0000000783400000|  0%| F|  |TAMS 0x0000000783300000, 0x0000000783300000| Untracked 
|  52|0x0000000783400000, 0x0000000783400000, 0x0000000783500000|  0%| F|  |TAMS 0x0000000783400000, 0x0000000783400000| Untracked 
|  53|0x0000000783500000, 0x0000000783500000, 0x0000000783600000|  0%| F|  |TAMS 0x0000000783500000, 0x0000000783500000| Untracked 
|  54|0x0000000783600000, 0x0000000783600000, 0x0000000783700000|  0%| F|  |TAMS 0x0000000783600000, 0x0000000783600000| Untracked 
|  55|0x0000000783700000, 0x0000000783700000, 0x0000000783800000|  0%| F|  |TAMS 0x0000000783700000, 0x0000000783700000| Untracked 
|  56|0x0000000783800000, 0x0000000783800000, 0x0000000783900000|  0%| F|  |TAMS 0x0000000783800000, 0x0000000783800000| Untracked 
|  57|0x0000000783900000, 0x0000000783900000, 0x0000000783a00000|  0%| F|  |TAMS 0x0000000783900000, 0x0000000783900000| Untracked 
|  58|0x0000000783a00000, 0x0000000783a00000, 0x0000000783b00000|  0%| F|  |TAMS 0x0000000783a00000, 0x0000000783a00000| Untracked 
|  59|0x0000000783b00000, 0x0000000783b00000, 0x0000000783c00000|  0%| F|  |TAMS 0x0000000783b00000, 0x0000000783b00000| Untracked 
|  60|0x0000000783c00000, 0x0000000783c00000, 0x0000000783d00000|  0%| F|  |TAMS 0x0000000783c00000, 0x0000000783c00000| Untracked 
|  61|0x0000000783d00000, 0x0000000783d00000, 0x0000000783e00000|  0%| F|  |TAMS 0x0000000783d00000, 0x0000000783d00000| Untracked 
|  62|0x0000000783e00000, 0x0000000783e00000, 0x0000000783f00000|  0%| F|  |TAMS 0x0000000783e00000, 0x0000000783e00000| Untracked 
|  63|0x0000000783f00000, 0x0000000783f00000, 0x0000000784000000|  0%| F|  |TAMS 0x0000000783f00000, 0x0000000783f00000| Untracked 
|  64|0x0000000784000000, 0x0000000784000000, 0x0000000784100000|  0%| F|  |TAMS 0x0000000784000000, 0x0000000784000000| Untracked 
|  65|0x0000000784100000, 0x0000000784100000, 0x0000000784200000|  0%| F|  |TAMS 0x0000000784100000, 0x0000000784100000| Untracked 
|  66|0x0000000784200000, 0x0000000784200000, 0x0000000784300000|  0%| F|  |TAMS 0x0000000784200000, 0x0000000784200000| Untracked 
|  67|0x0000000784300000, 0x0000000784300000, 0x0000000784400000|  0%| F|  |TAMS 0x0000000784300000, 0x0000000784300000| Untracked 
|  68|0x0000000784400000, 0x0000000784400000, 0x0000000784500000|  0%| F|  |TAMS 0x0000000784400000, 0x0000000784400000| Untracked 
|  69|0x0000000784500000, 0x0000000784500000, 0x0000000784600000|  0%| F|  |TAMS 0x0000000784500000, 0x0000000784500000| Untracked 
|  70|0x0000000784600000, 0x0000000784600000, 0x0000000784700000|  0%| F|  |TAMS 0x0000000784600000, 0x0000000784600000| Untracked 
|  71|0x0000000784700000, 0x0000000784700000, 0x0000000784800000|  0%| F|  |TAMS 0x0000000784700000, 0x0000000784700000| Untracked 
|  72|0x0000000784800000, 0x0000000784800000, 0x0000000784900000|  0%| F|  |TAMS 0x0000000784800000, 0x0000000784800000| Untracked 
|  73|0x0000000784900000, 0x0000000784900000, 0x0000000784a00000|  0%| F|  |TAMS 0x0000000784900000, 0x0000000784900000| Untracked 
|  74|0x0000000784a00000, 0x0000000784a00000, 0x0000000784b00000|  0%| F|  |TAMS 0x0000000784a00000, 0x0000000784a00000| Untracked 
|  75|0x0000000784b00000, 0x0000000784b00000, 0x0000000784c00000|  0%| F|  |TAMS 0x0000000784b00000, 0x0000000784b00000| Untracked 
|  76|0x0000000784c00000, 0x0000000784c00000, 0x0000000784d00000|  0%| F|  |TAMS 0x0000000784c00000, 0x0000000784c00000| Untracked 
|  77|0x0000000784d00000, 0x0000000784d00000, 0x0000000784e00000|  0%| F|  |TAMS 0x0000000784d00000, 0x0000000784d00000| Untracked 
|  78|0x0000000784e00000, 0x0000000784e00000, 0x0000000784f00000|  0%| F|  |TAMS 0x0000000784e00000, 0x0000000784e00000| Untracked 
|  79|0x0000000784f00000, 0x0000000784f00000, 0x0000000785000000|  0%| F|  |TAMS 0x0000000784f00000, 0x0000000784f00000| Untracked 
|  80|0x0000000785000000, 0x0000000785000000, 0x0000000785100000|  0%| F|  |TAMS 0x0000000785000000, 0x0000000785000000| Untracked 
|  81|0x0000000785100000, 0x0000000785100000, 0x0000000785200000|  0%| F|  |TAMS 0x0000000785100000, 0x0000000785100000| Untracked 
|  82|0x0000000785200000, 0x0000000785200000, 0x0000000785300000|  0%| F|  |TAMS 0x0000000785200000, 0x0000000785200000| Untracked 
|  83|0x0000000785300000, 0x0000000785300000, 0x0000000785400000|  0%| F|  |TAMS 0x0000000785300000, 0x0000000785300000| Untracked 
|  84|0x0000000785400000, 0x0000000785400000, 0x0000000785500000|  0%| F|  |TAMS 0x0000000785400000, 0x0000000785400000| Untracked 
|  85|0x0000000785500000, 0x0000000785500000, 0x0000000785600000|  0%| F|  |TAMS 0x0000000785500000, 0x0000000785500000| Untracked 
|  86|0x0000000785600000, 0x0000000785600000, 0x0000000785700000|  0%| F|  |TAMS 0x0000000785600000, 0x0000000785600000| Untracked 
|  87|0x0000000785700000, 0x0000000785700000, 0x0000000785800000|  0%| F|  |TAMS 0x0000000785700000, 0x0000000785700000| Untracked 
|  88|0x0000000785800000, 0x0000000785800000, 0x0000000785900000|  0%| F|  |TAMS 0x0000000785800000, 0x0000000785800000| Untracked 
|  89|0x0000000785900000, 0x0000000785900000, 0x0000000785a00000|  0%| F|  |TAMS 0x0000000785900000, 0x0000000785900000| Untracked 
|  90|0x0000000785a00000, 0x0000000785a00000, 0x0000000785b00000|  0%| F|  |TAMS 0x0000000785a00000, 0x0000000785a00000| Untracked 
|  91|0x0000000785b00000, 0x0000000785b00000, 0x0000000785c00000|  0%| F|  |TAMS 0x0000000785b00000, 0x0000000785b00000| Untracked 
|  92|0x0000000785c00000, 0x0000000785c00000, 0x0000000785d00000|  0%| F|  |TAMS 0x0000000785c00000, 0x0000000785c00000| Untracked 
|  93|0x0000000785d00000, 0x0000000785d00000, 0x0000000785e00000|  0%| F|  |TAMS 0x0000000785d00000, 0x0000000785d00000| Untracked 
|  94|0x0000000785e00000, 0x0000000785e00000, 0x0000000785f00000|  0%| F|  |TAMS 0x0000000785e00000, 0x0000000785e00000| Untracked 
|  95|0x0000000785f00000, 0x0000000785f00000, 0x0000000786000000|  0%| F|  |TAMS 0x0000000785f00000, 0x0000000785f00000| Untracked 
|  96|0x0000000786000000, 0x0000000786000000, 0x0000000786100000|  0%| F|  |TAMS 0x0000000786000000, 0x0000000786000000| Untracked 
|  97|0x0000000786100000, 0x0000000786100000, 0x0000000786200000|  0%| F|  |TAMS 0x0000000786100000, 0x0000000786100000| Untracked 
|  98|0x0000000786200000, 0x0000000786200000, 0x0000000786300000|  0%| F|  |TAMS 0x0000000786200000, 0x0000000786200000| Untracked 
|  99|0x0000000786300000, 0x0000000786300000, 0x0000000786400000|  0%| F|  |TAMS 0x0000000786300000, 0x0000000786300000| Untracked 
| 100|0x0000000786400000, 0x0000000786400000, 0x0000000786500000|  0%| F|  |TAMS 0x0000000786400000, 0x0000000786400000| Untracked 
| 101|0x0000000786500000, 0x0000000786500000, 0x0000000786600000|  0%| F|  |TAMS 0x0000000786500000, 0x0000000786500000| Untracked 
| 102|0x0000000786600000, 0x0000000786600000, 0x0000000786700000|  0%| F|  |TAMS 0x0000000786600000, 0x0000000786600000| Untracked 
| 103|0x0000000786700000, 0x0000000786700000, 0x0000000786800000|  0%| F|  |TAMS 0x0000000786700000, 0x0000000786700000| Untracked 
| 104|0x0000000786800000, 0x0000000786800000, 0x0000000786900000|  0%| F|  |TAMS 0x0000000786800000, 0x0000000786800000| Untracked 
| 105|0x0000000786900000, 0x0000000786900000, 0x0000000786a00000|  0%| F|  |TAMS 0x0000000786900000, 0x0000000786900000| Untracked 
| 106|0x0000000786a00000, 0x0000000786a00000, 0x0000000786b00000|  0%| F|  |TAMS 0x0000000786a00000, 0x0000000786a00000| Untracked 
| 107|0x0000000786b00000, 0x0000000786b00000, 0x0000000786c00000|  0%| F|  |TAMS 0x0000000786b00000, 0x0000000786b00000| Untracked 
| 108|0x0000000786c00000, 0x0000000786c00000, 0x0000000786d00000|  0%| F|  |TAMS 0x0000000786c00000, 0x0000000786c00000| Untracked 
| 109|0x0000000786d00000, 0x0000000786d00000, 0x0000000786e00000|  0%| F|  |TAMS 0x0000000786d00000, 0x0000000786d00000| Untracked 
| 110|0x0000000786e00000, 0x0000000786e00000, 0x0000000786f00000|  0%| F|  |TAMS 0x0000000786e00000, 0x0000000786e00000| Untracked 
| 111|0x0000000786f00000, 0x0000000786f00000, 0x0000000787000000|  0%| F|  |TAMS 0x0000000786f00000, 0x0000000786f00000| Untracked 
| 112|0x0000000787000000, 0x0000000787000000, 0x0000000787100000|  0%| F|  |TAMS 0x0000000787000000, 0x0000000787000000| Untracked 
| 113|0x0000000787100000, 0x0000000787100000, 0x0000000787200000|  0%| F|  |TAMS 0x0000000787100000, 0x0000000787100000| Untracked 
| 114|0x0000000787200000, 0x0000000787200000, 0x0000000787300000|  0%| F|  |TAMS 0x0000000787200000, 0x0000000787200000| Untracked 
| 115|0x0000000787300000, 0x0000000787300000, 0x0000000787400000|  0%| F|  |TAMS 0x0000000787300000, 0x0000000787300000| Untracked 
| 116|0x0000000787400000, 0x0000000787400000, 0x0000000787500000|  0%| F|  |TAMS 0x0000000787400000, 0x0000000787400000| Untracked 
| 117|0x0000000787500000, 0x0000000787500000, 0x0000000787600000|  0%| F|  |TAMS 0x0000000787500000, 0x0000000787500000| Untracked 
| 118|0x0000000787600000, 0x0000000787600000, 0x0000000787700000|  0%| F|  |TAMS 0x0000000787600000, 0x0000000787600000| Untracked 
| 119|0x0000000787700000, 0x0000000787700000, 0x0000000787800000|  0%| F|  |TAMS 0x0000000787700000, 0x0000000787700000| Untracked 
| 120|0x0000000787800000, 0x0000000787800000, 0x0000000787900000|  0%| F|  |TAMS 0x0000000787800000, 0x0000000787800000| Untracked 
| 121|0x0000000787900000, 0x0000000787900000, 0x0000000787a00000|  0%| F|  |TAMS 0x0000000787900000, 0x0000000787900000| Untracked 
| 122|0x0000000787a00000, 0x0000000787a00000, 0x0000000787b00000|  0%| F|  |TAMS 0x0000000787a00000, 0x0000000787a00000| Untracked 
| 123|0x0000000787b00000, 0x0000000787b00000, 0x0000000787c00000|  0%| F|  |TAMS 0x0000000787b00000, 0x0000000787b00000| Untracked 
| 124|0x0000000787c00000, 0x0000000787c00000, 0x0000000787d00000|  0%| F|  |TAMS 0x0000000787c00000, 0x0000000787c00000| Untracked 
| 125|0x0000000787d00000, 0x0000000787dfdcd8, 0x0000000787e00000| 99%| E|  |TAMS 0x0000000787d00000, 0x0000000787d00000| Complete 
| 126|0x0000000787e00000, 0x0000000787efecf0, 0x0000000787f00000| 99%| E|  |TAMS 0x0000000787e00000, 0x0000000787e00000| Complete 
| 127|0x0000000787f00000, 0x0000000788000000, 0x0000000788000000|100%| E|CS|TAMS 0x0000000787f00000, 0x0000000787f00000| Complete 

Card table byte_map: [0x0000000126428000,0x0000000126828000] _byte_map_base: 0x0000000122828000

Marking Bits (Prev, Next): (CMBitMap*) 0x00007fcd9a00bc10, (CMBitMap*) 0x00007fcd9a00bc50
 Prev Bits: [0x0000000126c28000, 0x0000000128c28000)
 Next Bits: [0x0000000128c28000, 0x000000012ac28000)

Polling page: 0x0000000104637000

Metaspace:

Usage:
  Non-class:      5.41 MB capacity,     5.27 MB ( 97%) used,   140.45 KB (  3%) free+waste,     2.00 KB ( <1%) overhead. 
      Class:    532.00 KB capacity,   481.82 KB ( 91%) used,    49.24 KB (  9%) free+waste,   960 bytes ( <1%) overhead. 
       Both:      5.93 MB capacity,     5.74 MB ( 97%) used,   189.70 KB (  3%) free+waste,     2.94 KB ( <1%) overhead. 

Virtual space:
  Non-class space:        8.00 MB reserved,       5.50 MB ( 69%) committed 
      Class space:        1.00 GB reserved,     640.00 KB ( <1%) committed 
             Both:        1.01 GB reserved,       6.12 MB ( <1%) committed 

Chunk freelists:
   Non-Class:  60.00 KB
       Class:  12.00 KB
        Both:  72.00 KB

MaxMetaspaceSize: 17179869184.00 GB
CompressedClassSpaceSize: 1.00 GB

CodeHeap 'non-profiled nmethods': size=120028Kb used=39Kb max_used=39Kb free=119989Kb
 bounds [0x000000011eaf1000, 0x000000011ed61000, 0x0000000126028000]
CodeHeap 'profiled nmethods': size=120028Kb used=245Kb max_used=245Kb free=119782Kb
 bounds [0x00000001175ba000, 0x000000011782a000, 0x000000011eaf1000]
CodeHeap 'non-nmethods': size=5704Kb used=1097Kb max_used=1110Kb free=4606Kb
 bounds [0x0000000117028000, 0x0000000117298000, 0x00000001175ba000]
 total_blobs=523 nmethods=184 adapters=254
 compilation: enabled
              stopped_count=0, restarted_count=0
 full_count=0

Compilation events (20 events):
Event: 0.243 Thread 0x00007fcd9b00f400  175       3       java.lang.ref.Reference::<init> (25 bytes)
Event: 0.244 Thread 0x00007fcd9b00f400 nmethod 175 0x00000001175f1e10 code [0x00000001175f1fc0, 0x00000001175f2230]
Event: 0.245 Thread 0x00007fcd9b00f400  176       3       java.util.HashMap::put (13 bytes)
Event: 0.245 Thread 0x00007fcd9b00f400 nmethod 176 0x00000001175f2310 code [0x00000001175f24c0, 0x00000001175f27b0]
Event: 0.245 Thread 0x00007fcd9b00f400  177       3       java.lang.CharacterData::of (124 bytes)
Event: 0.245 Thread 0x00007fcd9b00f400 nmethod 177 0x00000001175f2910 code [0x00000001175f2b00, 0x00000001175f32f0]
Event: 0.246 Thread 0x00007fcd9b00f400  178       3       java.lang.String::endsWith (15 bytes)
Event: 0.246 Thread 0x00007fcd9b00f400 nmethod 178 0x00000001175f3510 code [0x00000001175f36e0, 0x00000001175f3a00]
Event: 0.246 Thread 0x00007fcd9b00f400  179  s!   3       jdk.internal.loader.URLClassPath::getLoader (194 bytes)
Event: 0.247 Thread 0x00007fcd99894a00  183       4       java.lang.String::length (11 bytes)
Event: 0.249 Thread 0x00007fcd9b00f400 nmethod 179 0x00000001175f3b90 code [0x00000001175f3e80, 0x00000001175f5220]
Event: 0.249 Thread 0x00007fcd9b00f400  180   !   3       java.util.zip.ZipFile::getEntry (59 bytes)
Event: 0.250 Thread 0x00007fcd9b00f400 nmethod 180 0x00000001175f5a10 code [0x00000001175f5c00, 0x00000001175f6070]
Event: 0.250 Thread 0x00007fcd9b00f400  181       3       java.util.jar.JarFile::getEntry (35 bytes)
Event: 0.250 Thread 0x00007fcd99894a00 nmethod 183 0x000000011eafa910 code [0x000000011eafaa80, 0x000000011eafaaf8]
Event: 0.250 Thread 0x00007fcd9b00f400 nmethod 181 0x00000001175f6310 code [0x00000001175f6500, 0x00000001175f6950]
Event: 0.250 Thread 0x00007fcd9b00f400  182   !   3       jdk.internal.loader.URLClassPath$JarLoader::ensureOpen (36 bytes)
Event: 0.250 Thread 0x00007fcd9b00f400 nmethod 182 0x00000001175f6a90 code [0x00000001175f6c60, 0x00000001175f7090]
Event: 0.250 Thread 0x00007fcd9b00f400  184       3       java.lang.Character::toLowerCase (9 bytes)
Event: 0.250 Thread 0x00007fcd9b00f400 nmethod 184 0x00000001175f7210 code [0x00000001175f73c0, 0x00000001175f7590]

GC Heap History (0 events):
No events

Deoptimization events (4 events):
Event: 0.142 Thread 0x00007fcd9a00ce00 Uncommon trap: trap_request=0xffffff45 fr.pc=0x000000011eaf4e18 relative=0x0000000000000198
Event: 0.142 Thread 0x00007fcd9a00ce00 Uncommon trap: reason=unstable_if action=reinterpret pc=0x000000011eaf4e18 method=java.lang.String.hashCode()I @ 42 c2
Event: 0.142 Thread 0x00007fcd9a00ce00 DEOPT PACKING pc=0x000000011eaf4e18 sp=0x000000030cf7f640
Event: 0.142 Thread 0x00007fcd9a00ce00 DEOPT UNPACKING pc=0x0000000117075e1f sp=0x000000030cf7f5f8 mode 2

Classes unloaded (0 events):
No events

Classes redefined (0 events):
No events

Internal exceptions (0 events):
No events

Events (20 events):
Event: 0.225 loading class java/io/UnsupportedEncodingException
Event: 0.225 loading class java/io/IOException
Event: 0.225 loading class java/io/IOException done
Event: 0.225 loading class java/io/UnsupportedEncodingException done
Event: 0.226 loading class java/lang/IllegalStateException
Event: 0.226 loading class java/lang/IllegalStateException done
Event: 0.227 loading class java/lang/PublicMethods$MethodList
Event: 0.227 loading class java/lang/PublicMethods$MethodList done
Event: 0.228 loading class java/beans/PropertyChangeListener
Event: 0.228 loading class java/util/EventListener
Event: 0.228 loading class java/util/EventListener done
Event: 0.228 loading class java/beans/PropertyChangeListener done
Event: 0.228 loading class java/security/cert/X509Certificate
Event: 0.229 loading class java/security/cert/X509Extension
Event: 0.229 loading class java/security/cert/X509Extension done
Event: 0.229 loading class java/security/cert/X509Certificate done
Event: 0.249 loading class java/lang/PublicMethods$Key
Event: 0.249 loading class java/lang/PublicMethods$Key done
Event: 0.252 loading class java/lang/Class$EnclosingMethodInfo
Event: 0.252 loading class java/lang/Class$EnclosingMethodInfo done


Dynamic libraries:
0x00007ffdfff9a000 	/usr/libexec/rosetta/runtime
0x000000010c63c000 	/Library/Apple/usr/libexec/oah/libRosettaRuntime
0x00007fff2a5af000 	/usr/lib/libz.1.dylib
0x000000010cb3c000 	/Users/suraj/.p2/pool/plugins/org.eclipse.justj.openjdk.hotspot.jre.full.macosx.x86_64_15.0.2.v20210201-0955/jre/lib/libjli.dylib
0x00007fff35141000 	/System/Library/Frameworks/Cocoa.framework/Versions/A/Cocoa
0x00007fff220e3000 	/System/Library/Frameworks/Security.framework/Versions/A/Security
0x00007fff33349000 	/System/Library/Frameworks/ApplicationServices.framework/Versions/A/ApplicationServices
0x00007fff2a67b000 	/usr/lib/libSystem.B.dylib
0x00007fff2a675000 	/usr/lib/system/libcache.dylib
0x00007fff2a631000 	/usr/lib/system/libcommonCrypto.dylib
0x00007fff2a65b000 	/usr/lib/system/libcompiler_rt.dylib
0x00007fff2a650000 	/usr/lib/system/libcopyfile.dylib
0x00007fff200b2000 	/usr/lib/system/libcorecrypto.dylib
0x00007fff2017d000 	/usr/lib/system/libdispatch.dylib
0x00007fff20330000 	/usr/lib/system/libdyld.dylib
0x00007fff2a66c000 	/usr/lib/system/libkeymgr.dylib
0x00007fff2dbd9000 	/usr/lib/system/liblaunch.dylib
0x00007fff2a60f000 	/usr/lib/system/libmacho.dylib
0x00007fff29e03000 	/usr/lib/system/libquarantine.dylib
0x00007fff2a669000 	/usr/lib/system/libremovefile.dylib
0x00007fff24abf000 	/usr/lib/system/libsystem_asl.dylib
0x00007fff20062000 	/usr/lib/system/libsystem_blocks.dylib
0x00007fff201ff000 	/usr/lib/system/libsystem_c.dylib
0x00007fff2a663000 	/usr/lib/system/libsystem_collections.dylib
0x00007fff291fb000 	/usr/lib/system/libsystem_configuration.dylib
0x00007fff284e3000 	/usr/lib/system/libsystem_containermanager.dylib
0x00007fff2a3ae000 	/usr/lib/system/libsystem_coreservices.dylib
0x00007fff2269b000 	/usr/lib/system/libsystem_darwin.dylib
0x00007fff2a66d000 	/usr/lib/system/libsystem_dnssd.dylib
0x00007fff201fc000 	/usr/lib/system/libsystem_featureflags.dylib
0x00007fff20376000 	/usr/lib/system/libsystem_info.dylib
0x00007fff2a5c2000 	/usr/lib/system/libsystem_m.dylib
0x00007fff20150000 	/usr/lib/system/libsystem_malloc.dylib
0x00007fff24a52000 	/usr/lib/system/libsystem_networkextension.dylib
0x00007fff22aba000 	/usr/lib/system/libsystem_notify.dylib
0x00007fff30070000 	/usr/lib/system/libsystem_product_info_filter.dylib
0x00007fff291ff000 	/usr/lib/system/libsystem_sandbox.dylib
0x00007fff2a666000 	/usr/lib/system/libsystem_secinit.dylib
0x00007fff202f4000 	/usr/lib/system/libsystem_kernel.dylib
0x00007fff2036c000 	/usr/lib/system/libsystem_platform.dylib
0x00007fff20324000 	/usr/lib/system/libsystem_pthread.dylib
0x00007fff261d0000 	/usr/lib/system/libsystem_symptoms.dylib
0x00007fff2009a000 	/usr/lib/system/libsystem_trace.dylib
0x00007fff2a63d000 	/usr/lib/system/libunwind.dylib
0x00007fff20064000 	/usr/lib/system/libxpc.dylib
0x00007fff202de000 	/usr/lib/libc++abi.dylib
0x00007fff201c2000 	/usr/lib/libobjc.A.dylib
0x00007fff2a648000 	/usr/lib/liboah.dylib
0x00007fff20288000 	/usr/lib/libc++.1.dylib
0x00007fff203a2000 	/System/Library/Frameworks/CoreFoundation.framework/Versions/A/CoreFoundation
0x00007fff2107b000 	/System/Library/Frameworks/Foundation.framework/Versions/C/Foundation
0x00007fff22b14000 	/System/Library/Frameworks/AppKit.framework/Versions/C/AppKit
0x00007fff25a00000 	/System/Library/Frameworks/CoreData.framework/Versions/A/CoreData
0x00007fff23860000 	/System/Library/PrivateFrameworks/UIFoundation.framework/Versions/A/UIFoundation
0x00007fff2fe03000 	/System/Library/PrivateFrameworks/RemoteViewServices.framework/Versions/A/RemoteViewServices
0x00007fff28ba9000 	/System/Library/PrivateFrameworks/XCTTargetBootstrap.framework/Versions/A/XCTTargetBootstrap
0x00007fff2b8fb000 	/usr/lib/libspindump.dylib
0x00007fff23aaf000 	/System/Library/Frameworks/UniformTypeIdentifiers.framework/Versions/A/UniformTypeIdentifiers
0x00007fff273ad000 	/usr/lib/libapp_launch_measurement.dylib
0x00007fff273b0000 	/System/Library/PrivateFrameworks/CoreAutoLayout.framework/Versions/A/CoreAutoLayout
0x00007fff28510000 	/System/Library/Frameworks/Metal.framework/Versions/A/Metal
0x00007fff2920a000 	/usr/lib/liblangid.dylib
0x00007fff28bad000 	/System/Library/PrivateFrameworks/CoreSVG.framework/Versions/A/CoreSVG
0x00007fff24aef000 	/System/Library/PrivateFrameworks/SkyLight.framework/Versions/A/SkyLight
0x00007fff24e55000 	/System/Library/Frameworks/CoreGraphics.framework/Versions/A/CoreGraphics
0x00007fff3032a000 	/System/Library/Frameworks/Accelerate.framework/Versions/A/Accelerate
0x00007fff2b339000 	/System/Library/PrivateFrameworks/IconServices.framework/Versions/A/IconServices
0x00007fff284f4000 	/System/Library/Frameworks/IOSurface.framework/Versions/A/IOSurface
0x00007fff26394000 	/usr/lib/libDiagnosticMessagesClient.dylib
0x00007fff28b95000 	/System/Library/PrivateFrameworks/DFRFoundation.framework/Versions/A/DFRFoundation
0x00007fff2243b000 	/usr/lib/libicucore.A.dylib
0x00007fff2ce42000 	/System/Library/Frameworks/AudioToolbox.framework/Versions/A/AudioToolbox
0x00007fff2c0ca000 	/System/Library/PrivateFrameworks/DataDetectorsCore.framework/Versions/A/DataDetectorsCore
0x00007fff24a62000 	/usr/lib/libMobileGestalt.dylib
0x00007fff28899000 	/System/Library/Frameworks/Carbon.framework/Versions/A/Frameworks/HIToolbox.framework/Versions/A/HIToolbox
0x00007fff26df2000 	/System/Library/Frameworks/QuartzCore.framework/Versions/A/QuartzCore
0x00007fff2fe3b000 	/System/Library/Frameworks/Carbon.framework/Versions/A/Frameworks/SpeechRecognition.framework/Versions/A/SpeechRecognition
0x00007fff27112000 	/System/Library/PrivateFrameworks/CoreUI.framework/Versions/A/CoreUI
0x00007fff21a51000 	/System/Library/Frameworks/CoreAudio.framework/Versions/A/CoreAudio
0x00007fff2647f000 	/System/Library/Frameworks/DiskArbitration.framework/Versions/A/DiskArbitration
0x00007fff2bcc8000 	/System/Library/PrivateFrameworks/MultitouchSupport.framework/Versions/A/MultitouchSupport
0x00007fff2c0c1000 	/System/Library/PrivateFrameworks/InternationalSupport.framework/Versions/A/InternationalSupport
0x00007fff24a61000 	/usr/lib/libenergytrace.dylib
0x00007fff22a0b000 	/System/Library/Frameworks/IOKit.framework/Versions/A/IOKit
0x00007fff3016e000 	/System/Library/Frameworks/CoreServices.framework/Versions/A/CoreServices
0x00007fff2733f000 	/System/Library/PrivateFrameworks/PerformanceAnalysis.framework/Versions/A/PerformanceAnalysis
0x00007fff6bce7000 	/System/Library/Frameworks/OpenGL.framework/Versions/A/OpenGL
0x00007fff2c145000 	/System/Library/PrivateFrameworks/UserActivity.framework/Versions/A/UserActivity
0x00007fff25507000 	/System/Library/Frameworks/ColorSync.framework/Versions/A/ColorSync
0x00007fff28e18000 	/System/Library/Frameworks/CoreImage.framework/Versions/A/CoreImage
0x00007fff2186b000 	/System/Library/Frameworks/CoreText.framework/Versions/A/CoreText
0x00007fff28bd7000 	/System/Library/Frameworks/ImageIO.framework/Versions/A/ImageIO
0x00007fff2a681000 	/System/Library/PrivateFrameworks/SoftLinking.framework/Versions/A/SoftLinking
0x00007fff273f8000 	/usr/lib/libxml2.2.dylib
0x00007fff2a8ee000 	/usr/lib/libcompression.dylib
0x00007fff2bff3000 	/System/Library/PrivateFrameworks/TextureIO.framework/Versions/A/TextureIO
0x00007fff2afde000 	/usr/lib/libate.dylib
0x00007fff2ad0a000 	/usr/lib/liblzma.5.dylib
0x00007fff20d8f000 	/System/Library/Frameworks/SystemConfiguration.framework/Versions/A/SystemConfiguration
0x00007fff2a67d000 	/usr/lib/libfakelink.dylib
0x00007fff245b3000 	/System/Library/Frameworks/CFNetwork.framework/Versions/A/CFNetwork
0x00007fff2a7bd000 	/usr/lib/libarchive.2.dylib
0x00007fff20e0d000 	/usr/lib/libCRFSuite.dylib
0x00007fff29e2a000 	/usr/lib/libbsm.0.dylib
0x00007fff23f2c000 	/usr/lib/libnetwork.dylib
0x00007fff2a682000 	/usr/lib/libpcap.A.dylib
0x00007fff261c9000 	/usr/lib/libdns_services.dylib
0x00007fff2ad23000 	/usr/lib/libcoretls_cfhelpers.dylib
0x00007fff2a8bc000 	/usr/lib/libapple_nghttp2.dylib
0x00007fff2a615000 	/usr/lib/system/libkxld.dylib
0x00007fff25e47000 	/usr/lib/libsqlite3.dylib
0x00007fff2a391000 	/System/Library/PrivateFrameworks/AppleFSCompression.framework/Versions/A/AppleFSCompression
0x00007fff29e12000 	/usr/lib/libcoretls.dylib
0x00007fff2a8e9000 	/usr/lib/libpam.2.dylib
0x00007fff2ae21000 	/usr/lib/libxar.1.dylib
0x00007fff29206000 	/System/Library/PrivateFrameworks/AppleSystemInfo.framework/Versions/A/AppleSystemInfo
0x00007fff29a54000 	/System/Library/PrivateFrameworks/IOMobileFramebuffer.framework/Versions/A/IOMobileFramebuffer
0x00007fff2a3a1000 	/usr/lib/libbz2.1.0.dylib
0x00007fff2a6ba000 	/usr/lib/libiconv.2.dylib
0x00007fff2a60e000 	/usr/lib/libcharset.1.dylib
0x00007fff2737b000 	/System/Library/Frameworks/CoreServices.framework/Versions/A/Frameworks/FSEvents.framework/Versions/A/FSEvents
0x00007fff226a5000 	/System/Library/Frameworks/CoreServices.framework/Versions/A/Frameworks/CarbonCore.framework/Versions/A/CarbonCore
0x00007fff263e4000 	/System/Library/Frameworks/CoreServices.framework/Versions/A/Frameworks/Metadata.framework/Versions/A/Metadata
0x00007fff2a3b3000 	/System/Library/Frameworks/CoreServices.framework/Versions/A/Frameworks/OSServices.framework/Versions/A/OSServices
0x00007fff2a82f000 	/System/Library/Frameworks/CoreServices.framework/Versions/A/Frameworks/SearchKit.framework/Versions/A/SearchKit
0x00007fff26154000 	/System/Library/Frameworks/CoreServices.framework/Versions/A/Frameworks/AE.framework/Versions/A/AE
0x00007fff20840000 	/System/Library/Frameworks/CoreServices.framework/Versions/A/Frameworks/LaunchServices.framework/Versions/A/LaunchServices
0x00007fff2acba000 	/System/Library/Frameworks/CoreServices.framework/Versions/A/Frameworks/DictionaryServices.framework/Versions/A/DictionaryServices
0x00007fff27388000 	/System/Library/Frameworks/CoreServices.framework/Versions/A/Frameworks/SharedFileList.framework/Versions/A/SharedFileList
0x00007fff29e06000 	/usr/lib/libCheckFix.dylib
0x00007fff24ad6000 	/System/Library/PrivateFrameworks/TCC.framework/Versions/A/TCC
0x00007fff2920c000 	/System/Library/PrivateFrameworks/CoreNLP.framework/Versions/A/CoreNLP
0x00007fff26397000 	/System/Library/PrivateFrameworks/MetadataUtilities.framework/Versions/A/MetadataUtilities
0x00007fff20e42000 	/usr/lib/libmecabra.dylib
0x00007fff2a110000 	/System/Library/Frameworks/MLCompute.framework/Versions/A/MLCompute
0x00007fff29e3b000 	/usr/lib/libmecab.dylib
0x00007fff29e85000 	/usr/lib/libgermantok.dylib
0x00007fff2a897000 	/usr/lib/libThaiTokenizer.dylib
0x00007fff2ae5c000 	/usr/lib/libChineseTokenizer.dylib
0x00007fff2a8e7000 	/System/Library/Frameworks/MetalPerformanceShaders.framework/Versions/A/MetalPerformanceShaders
0x00007fff26486000 	/System/Library/Frameworks/Accelerate.framework/Versions/A/Frameworks/vImage.framework/Versions/A/vImage
0x00007fff30148000 	/System/Library/Frameworks/Accelerate.framework/Versions/A/Frameworks/vecLib.framework/Versions/A/vecLib
0x00007fff2ae67000 	/System/Library/Frameworks/Accelerate.framework/Versions/A/Frameworks/vecLib.framework/Versions/A/libvMisc.dylib
0x00007fff298b4000 	/System/Library/Frameworks/Accelerate.framework/Versions/A/Frameworks/vecLib.framework/Versions/A/libvDSP.dylib
0x00007fff20b4b000 	/System/Library/Frameworks/Accelerate.framework/Versions/A/Frameworks/vecLib.framework/Versions/A/libBLAS.dylib
0x00007fff2a915000 	/System/Library/Frameworks/Accelerate.framework/Versions/A/Frameworks/vecLib.framework/Versions/A/libLAPACK.dylib
0x00007fff29e8b000 	/System/Library/Frameworks/Accelerate.framework/Versions/A/Frameworks/vecLib.framework/Versions/A/libLinearAlgebra.dylib
0x00007fff2a8d4000 	/System/Library/Frameworks/Accelerate.framework/Versions/A/Frameworks/vecLib.framework/Versions/A/libSparseBLAS.dylib
0x00007fff2a90f000 	/System/Library/Frameworks/Accelerate.framework/Versions/A/Frameworks/vecLib.framework/Versions/A/libQuadrature.dylib
0x00007fff292b8000 	/System/Library/Frameworks/Accelerate.framework/Versions/A/Frameworks/vecLib.framework/Versions/A/libBNNS.dylib
0x00007fff20d20000 	/System/Library/Frameworks/Accelerate.framework/Versions/A/Frameworks/vecLib.framework/Versions/A/libSparse.dylib
0x00007fff29194000 	/System/Library/Frameworks/MetalPerformanceShaders.framework/Versions/A/Frameworks/MPSCore.framework/Versions/A/MPSCore
0x00007fff2a300000 	/System/Library/Frameworks/MetalPerformanceShaders.framework/Versions/A/Frameworks/MPSImage.framework/Versions/A/MPSImage
0x00007fff29ea1000 	/System/Library/Frameworks/MetalPerformanceShaders.framework/Versions/A/Frameworks/MPSNeuralNetwork.framework/Versions/A/MPSNeuralNetwork
0x00007fff2a272000 	/System/Library/Frameworks/MetalPerformanceShaders.framework/Versions/A/Frameworks/MPSMatrix.framework/Versions/A/MPSMatrix
0x00007fff2a0c0000 	/System/Library/Frameworks/MetalPerformanceShaders.framework/Versions/A/Frameworks/MPSRayIntersector.framework/Versions/A/MPSRayIntersector
0x00007fff2a2a9000 	/System/Library/Frameworks/MetalPerformanceShaders.framework/Versions/A/Frameworks/MPSNDArray.framework/Versions/A/MPSNDArray
0x00007fff20a76000 	/System/Library/PrivateFrameworks/MetalTools.framework/Versions/A/MetalTools
0x00007fff29204000 	/System/Library/PrivateFrameworks/AggregateDictionary.framework/Versions/A/AggregateDictionary
0x00007fff26364000 	/System/Library/PrivateFrameworks/CoreAnalytics.framework/Versions/A/CoreAnalytics
0x00007fff2a899000 	/System/Library/PrivateFrameworks/AppleSauce.framework/Versions/A/AppleSauce
0x00007fff28506000 	/System/Library/PrivateFrameworks/IOAccelerator.framework/Versions/A/IOAccelerator
0x00007fff6bcdb000 	/System/Library/Frameworks/OpenGL.framework/Versions/A/Libraries/libCoreFSCache.dylib
0x00007fff213da000 	/System/Library/PrivateFrameworks/LanguageModeling.framework/Versions/A/LanguageModeling
0x00007fff29a42000 	/System/Library/PrivateFrameworks/CoreEmoji.framework/Versions/A/CoreEmoji
0x00007fff292b1000 	/System/Library/PrivateFrameworks/LinguisticData.framework/Versions/A/LinguisticData
0x00007fff20cd2000 	/System/Library/PrivateFrameworks/Lexicon.framework/Versions/A/Lexicon
0x00007fff2a7ab000 	/usr/lib/libcmph.dylib
0x00007fff2735b000 	/System/Library/Frameworks/OpenDirectory.framework/Versions/A/Frameworks/CFOpenDirectory.framework/Versions/A/CFOpenDirectory
0x00007fff2734b000 	/System/Library/Frameworks/OpenDirectory.framework/Versions/A/OpenDirectory
0x00007fff2ad25000 	/System/Library/PrivateFrameworks/APFS.framework/Versions/A/APFS
0x00007fff29d68000 	/System/Library/Frameworks/SecurityFoundation.framework/Versions/A/SecurityFoundation
0x00007fff2ae2f000 	/usr/lib/libutil.dylib
0x00007fff229d0000 	/System/Library/PrivateFrameworks/CoreServicesStore.framework/Versions/A/CoreServicesStore
0x00007fff29dfe000 	/System/Library/Frameworks/ServiceManagement.framework/Versions/A/ServiceManagement
0x00007fff2ae33000 	/usr/lib/libxslt.1.dylib
0x00007fff29df4000 	/System/Library/PrivateFrameworks/BackgroundTaskManagement.framework/Versions/A/BackgroundTaskManagement
0x00007fff2bf3e000 	/System/Library/Frameworks/ImageIO.framework/Versions/A/Resources/libRadiance.dylib
0x00007fff2bf47000 	/System/Library/Frameworks/ImageIO.framework/Versions/A/Resources/libJPEG.dylib
0x00007fff2be92000 	/System/Library/Frameworks/ImageIO.framework/Versions/A/Resources/libPng.dylib
0x00007fff2beb9000 	/System/Library/Frameworks/ImageIO.framework/Versions/A/Resources/libTIFF.dylib
0x00007fff2bf9c000 	/System/Library/Frameworks/ImageIO.framework/Versions/A/Resources/libGIF.dylib
0x00007fff2bbe5000 	/System/Library/Frameworks/ImageIO.framework/Versions/A/Resources/libJP2.dylib
0x00007fff2b301000 	/usr/lib/libexpat.1.dylib
0x00007fff2bb9b000 	/System/Library/PrivateFrameworks/AppleJPEG.framework/Versions/A/AppleJPEG
0x00007fff2873c000 	/System/Library/PrivateFrameworks/FontServices.framework/libFontParser.dylib
0x00007fff2610b000 	/System/Library/PrivateFrameworks/RunningBoardServices.framework/Versions/A/RunningBoardServices
0x00007fff2bcc4000 	/System/Library/PrivateFrameworks/WatchdogClient.framework/Versions/A/WatchdogClient
0x00007fff214c3000 	/System/Library/Frameworks/CoreDisplay.framework/Versions/A/CoreDisplay
0x00007fff28651000 	/System/Library/Frameworks/CoreMedia.framework/Versions/A/CoreMedia
0x00007fff274db000 	/System/Library/Frameworks/CoreVideo.framework/Versions/A/CoreVideo
0x00007fff2bcff000 	/System/Library/Frameworks/VideoToolbox.framework/Versions/A/VideoToolbox
0x00007fff2608b000 	/System/Library/PrivateFrameworks/BaseBoard.framework/Versions/A/BaseBoard
0x00007fff2b445000 	/System/Library/PrivateFrameworks/PersistentConnection.framework/Versions/A/PersistentConnection
0x00007fff25e31000 	/System/Library/PrivateFrameworks/ProtocolBuffer.framework/Versions/A/ProtocolBuffer
0x00007fff26073000 	/System/Library/PrivateFrameworks/CommonUtilities.framework/Versions/A/CommonUtilities
0x00007fff2bb5e000 	/System/Library/PrivateFrameworks/Bom.framework/Versions/A/Bom
0x00007fff2bf36000 	/System/Library/PrivateFrameworks/GPUWrangler.framework/Versions/A/GPUWrangler
0x00007fff2bf19000 	/System/Library/PrivateFrameworks/IOPresentment.framework/Versions/A/IOPresentment
0x00007fff2bf41000 	/System/Library/PrivateFrameworks/DSExternalDisplay.framework/Versions/A/DSExternalDisplay
0x00007fff2bfa1000 	/System/Library/PrivateFrameworks/CMCaptureCore.framework/Versions/A/CMCaptureCore
0x00007fff2b8e1000 	/System/Library/PrivateFrameworks/AppServerSupport.framework/Versions/A/AppServerSupport
0x00007fff2d97c000 	/System/Library/PrivateFrameworks/perfdata.framework/Versions/A/perfdata
0x00007fff29d57000 	/System/Library/PrivateFrameworks/AssertionServices.framework/Versions/A/AssertionServices
0x00007fff215fa000 	/System/Library/PrivateFrameworks/AudioToolboxCore.framework/Versions/A/AudioToolboxCore
0x00007fff28634000 	/System/Library/PrivateFrameworks/caulk.framework/Versions/A/caulk
0x00007fff3ce28000 	/System/Library/PrivateFrameworks/SystemPolicy.framework/Versions/A/SystemPolicy
0x00007fff2b110000 	/usr/lib/libIOReport.dylib
0x00007fff2d1b8000 	/usr/lib/libSMC.dylib
0x00007fff2be5e000 	/usr/lib/libAudioToolboxUtility.dylib
0x00007fff3d785000 	/usr/lib/libmis.dylib
0x00007fff6bd37000 	/System/Library/Frameworks/OpenGL.framework/Versions/A/Libraries/libGLU.dylib
0x00007fff6bcfa000 	/System/Library/Frameworks/OpenGL.framework/Versions/A/Libraries/libGFXShared.dylib
0x00007fff6bf08000 	/System/Library/Frameworks/OpenGL.framework/Versions/A/Libraries/libGL.dylib
0x00007fff6bd03000 	/System/Library/Frameworks/OpenGL.framework/Versions/A/Libraries/libGLImage.dylib
0x00007fff6bcf7000 	/System/Library/Frameworks/OpenGL.framework/Versions/A/Libraries/libCVMSPluginSupport.dylib
0x00007fff6bce2000 	/System/Library/Frameworks/OpenGL.framework/Versions/A/Libraries/libCoreVMClient.dylib
0x00007fff6d352000 	/System/Library/Frameworks/OpenCL.framework/Versions/A/OpenCL
0x00007fff2b46e000 	/System/Library/PrivateFrameworks/GraphVisualizer.framework/Versions/A/GraphVisualizer
0x00007fff2b47d000 	/System/Library/PrivateFrameworks/FaceCore.framework/Versions/A/FaceCore
0x00007fff2b899000 	/System/Library/PrivateFrameworks/OTSVG.framework/Versions/A/OTSVG
0x00007fff270d0000 	/System/Library/Frameworks/ApplicationServices.framework/Versions/A/Frameworks/ATS.framework/Versions/A/Resources/libFontRegistry.dylib
0x00007fff2b8e8000 	/System/Library/PrivateFrameworks/FontServices.framework/libhvf.dylib
0x00007fff2b2ad000 	/System/Library/PrivateFrameworks/AppleVA.framework/Versions/A/AppleVA
0x00007fff2d000000 	/System/Library/Frameworks/ApplicationServices.framework/Versions/A/Frameworks/ATS.framework/Versions/A/ATS
0x00007fff2d313000 	/System/Library/Frameworks/ApplicationServices.framework/Versions/A/Frameworks/ColorSyncLegacy.framework/Versions/A/ColorSyncLegacy
0x00007fff255fe000 	/System/Library/Frameworks/ApplicationServices.framework/Versions/A/Frameworks/HIServices.framework/Versions/A/HIServices
0x00007fff2d2f8000 	/System/Library/Frameworks/ApplicationServices.framework/Versions/A/Frameworks/LangAnalysis.framework/Versions/A/LangAnalysis
0x00007fff2bfab000 	/System/Library/Frameworks/ApplicationServices.framework/Versions/A/Frameworks/PrintCore.framework/Versions/A/PrintCore
0x00007fff2d31b000 	/System/Library/Frameworks/ApplicationServices.framework/Versions/A/Frameworks/QD.framework/Versions/A/QD
0x00007fff2cff0000 	/System/Library/Frameworks/ApplicationServices.framework/Versions/A/Frameworks/SpeechSynthesis.framework/Versions/A/SpeechSynthesis
0x00007fff2bf6c000 	/System/Library/Frameworks/ApplicationServices.framework/Versions/A/Frameworks/ATSUI.framework/Versions/A/ATSUI
0x00007fff2d298000 	/usr/lib/libcups.2.dylib
0x00007fff2d308000 	/System/Library/PrivateFrameworks/NetAuth.framework/Versions/A/NetAuth
0x00007fff2d997000 	/System/Library/Frameworks/Kerberos.framework/Versions/A/Kerberos
0x00007fff2d9a7000 	/System/Library/Frameworks/GSS.framework/Versions/A/GSS
0x00007fff2d06d000 	/usr/lib/libresolv.9.dylib
0x00007fff2b8fe000 	/System/Library/PrivateFrameworks/Heimdal.framework/Versions/A/Heimdal
0x00007fff3365e000 	/System/Library/Frameworks/Kerberos.framework/Versions/A/Libraries/libHeimdalProxy.dylib
0x00007fff261d8000 	/System/Library/Frameworks/Network.framework/Versions/A/Network
0x00007fff2b31a000 	/usr/lib/libheimdal-asn1.dylib
0x00007fff2d9f8000 	/System/Library/PrivateFrameworks/CommonAuth.framework/Versions/A/CommonAuth
0x00007fff27529000 	/System/Library/PrivateFrameworks/login.framework/Versions/A/Frameworks/loginsupport.framework/Versions/A/loginsupport
0x00007fff2cf77000 	/System/Library/PrivateFrameworks/AudioSession.framework/Versions/A/AudioSession
0x00007fff2cfdd000 	/usr/lib/libAudioStatistics.dylib
0x00007fff2b3a6000 	/System/Library/PrivateFrameworks/MediaExperience.framework/Versions/A/MediaExperience
0x00007fff2ce10000 	/System/Library/PrivateFrameworks/AudioSession.framework/libSessionUtility.dylib
0x00007fff2d988000 	/usr/lib/libperfcheck.dylib
0x00007fff2d327000 	/System/Library/PrivateFrameworks/AudioResourceArbitration.framework/Versions/A/AudioResourceArbitration
0x00007fff2b324000 	/System/Library/PrivateFrameworks/IconFoundation.framework/Versions/A/IconFoundation
0x00007fff2fe2b000 	/System/Library/PrivateFrameworks/SpeechRecognitionCore.framework/Versions/A/SpeechRecognitionCore
0x0000000111000000 	/Users/suraj/.p2/pool/plugins/org.eclipse.justj.openjdk.hotspot.jre.full.macosx.x86_64_15.0.2.v20210201-0955/jre/lib/server/libjvm.dylib
0x000000010cbc3000 	/Users/suraj/.p2/pool/plugins/org.eclipse.justj.openjdk.hotspot.jre.full.macosx.x86_64_15.0.2.v20210201-0955/jre/lib/libjimage.dylib
0x000000010cc25000 	/Users/suraj/.p2/pool/plugins/org.eclipse.justj.openjdk.hotspot.jre.full.macosx.x86_64_15.0.2.v20210201-0955/jre/lib/libjava.dylib
0x000000010cf48000 	/Users/suraj/.p2/pool/plugins/org.eclipse.justj.openjdk.hotspot.jre.full.macosx.x86_64_15.0.2.v20210201-0955/jre/lib/libzip.dylib
0x000000012f39f000 	/Users/suraj/.p2/pool/plugins/org.eclipse.justj.openjdk.hotspot.jre.full.macosx.x86_64_15.0.2.v20210201-0955/jre/lib/libnio.dylib
0x000000012f3cd000 	/Users/suraj/.p2/pool/plugins/org.eclipse.justj.openjdk.hotspot.jre.full.macosx.x86_64_15.0.2.v20210201-0955/jre/lib/libnet.dylib


VM Arguments:
jvm_args: -Dfile.encoding=UTF-8 -XX:+ShowCodeDetailsInExceptionMessages 
java_command: org.apache.catalina.startup.Tomcat$1
java_class_path (initial): /Users/suraj/Desktop/Final exam/Programming 2/First_WebApp_Examples/build/classes:/Users/suraj/Desktop/Final exam/Programming 2/First_WebApp_Examples/src/main/webapp/WEB-INF/lib/gson-2.8.5.jar:/Users/suraj/Desktop/Final exam/Programming 2/First_WebApp_Examples/src/main/webapp/WEB-INF/lib/sqlite-jdbc-3.27.2.1.jar:/Applications/Apache/apache-tomcat-8.5.73/lib/tomcat-i18n-ko.jar:/Applications/Apache/apache-tomcat-8.5.73/lib/el-api.jar:/Applications/Apache/apache-tomcat-8.5.73/lib/tomcat-i18n-es.jar:/Applications/Apache/apache-tomcat-8.5.73/lib/tomcat-websocket.jar:/Applications/Apache/apache-tomcat-8.5.73/lib/jasper.jar:/Applications/Apache/apache-tomcat-8.5.73/lib/jasper-el.jar:/Applications/Apache/apache-tomcat-8.5.73/lib/tomcat-util.jar:/Applications/Apache/apache-tomcat-8.5.73/lib/tomcat-i18n-de.jar:/Applications/Apache/apache-tomcat-8.5.73/lib/catalina-storeconfig.jar:/Applications/Apache/apache-tomcat-8.5.73/lib/jsp-api.jar:/Applications/Apache/apache-tomcat-8.5.73/lib/catalina-tribes.jar:/Applications/Apache/apache-tomcat-8.5.73/lib/catalina.jar:/Applications/Apache/apache-tomcat-8.5.73/lib/tomcat-jni.jar:/Applications/Apache/apache-tomcat-8.5.73/lib/websocket-api.jar:/Applications/Apache/apache-tomcat-8.5.73/lib/tomcat-coyote.jar:/Applications/Apache/apache-tomcat-8.5.73/lib/catalina-ha.jar:/Applications/Apache/apache-tomcat-8.5.73/lib/tomcat-api.jar:/Applications/Apache/apache-tomcat-8.5.73/lib/annotations-api.jar:/Applications/Apache/apache-tomcat-8.5.73/lib/jaspic-api.jar:/Applications/Apache/apache-tomcat-8.5.73/lib/tomcat-i18n-zh-CN.jar:/Applications/Apache/apache-tomcat-8.5.73/lib/catalina-ant.jar:/Applications/Apache/apache-tomcat-8.5.73/lib/ecj-4.6.3.jar:/Applications/Apache/apache-tomcat-8.5.73/lib/servlet-api.jar:/Applications/Apache/apache-tomcat-8.5.73/lib/tomcat-util-scan.jar:/Applications/Apache/apache-tomcat-8.5.73/lib/tomcat-i18n-ja.jar:/Applications/Apache/apache-tomcat-8.5.73/lib/tomcat-i18n-ru.jar:/Applications/Ap
Launcher Type: SUN_STANDARD

[Global flags]
     intx CICompilerCount                          = 4                                         {product} {ergonomic}
     uint ConcGCThreads                            = 2                                         {product} {ergonomic}
     uint G1ConcRefinementThreads                  = 8                                         {product} {ergonomic}
   size_t G1HeapRegionSize                         = 1048576                                   {product} {ergonomic}
    uintx GCDrainStackTargetSize                   = 64                                        {product} {ergonomic}
   size_t InitialHeapSize                          = 134217728                                 {product} {ergonomic}
   size_t MarkStackSize                            = 4194304                                   {product} {ergonomic}
   size_t MaxHeapSize                              = 2147483648                                {product} {ergonomic}
   size_t MaxNewSize                               = 1287651328                                {product} {ergonomic}
   size_t MinHeapDeltaBytes                        = 1048576                                   {product} {ergonomic}
   size_t MinHeapSize                              = 8388608                                   {product} {ergonomic}
    uintx NonNMethodCodeHeapSize                   = 5839372                                {pd product} {ergonomic}
    uintx NonProfiledCodeHeapSize                  = 122909434                              {pd product} {ergonomic}
    uintx ProfiledCodeHeapSize                     = 122909434                              {pd product} {ergonomic}
    uintx ReservedCodeCacheSize                    = 251658240                              {pd product} {ergonomic}
     bool SegmentedCodeCache                       = true                                      {product} {ergonomic}
     bool ShowCodeDetailsInExceptionMessages       = true                                   {manageable} {command line}
   size_t SoftMaxHeapSize                          = 2147483648                             {manageable} {ergonomic}
     bool UseCompressedClassPointers               = true                                 {lp64_product} {ergonomic}
     bool UseCompressedOops                        = true                                 {lp64_product} {ergonomic}
     bool UseG1GC                                  = true                                      {product} {ergonomic}
     bool UseNUMA                                  = false                                     {product} {ergonomic}
     bool UseNUMAInterleaving                      = false                                     {product} {ergonomic}

Logging:
Log output configuration:
 #0: stdout all=warning uptime,level,tags
 #1: stderr all=off uptime,level,tags

Environment Variables:
PATH=/usr/bin:/bin:/usr/sbin:/sbin
SHELL=/bin/zsh

Signal Handlers:
SIGSEGV: [libjvm.dylib+0xa01020], sa_mask[0]=11111111111111111111111111111111, sa_flags=SA_ONSTACK|SA_RESTART|SA_SIGINFO
SIGBUS: [libjvm.dylib+0xa01020], sa_mask[0]=11111111111111111111111111111111, sa_flags=SA_RESTART|SA_SIGINFO
SIGFPE: [libjvm.dylib+0xa01020], sa_mask[0]=11111111111111111111111111111111, sa_flags=SA_RESTART|SA_SIGINFO
SIGPIPE: [libjvm.dylib+0x82c500], sa_mask[0]=11111111111111111111111111111111, sa_flags=SA_RESTART|SA_SIGINFO
SIGXFSZ: [libjvm.dylib+0x82c500], sa_mask[0]=11111111111111111111111111111111, sa_flags=SA_RESTART|SA_SIGINFO
SIGILL: [libjvm.dylib+0xa01020], sa_mask[0]=11111111111111111111111111111111, sa_flags=SA_RESTART|SA_SIGINFO
SIGUSR2: [libjvm.dylib+0x82d010], sa_mask[0]=00100000000000000000000000000000, sa_flags=SA_RESTART|SA_SIGINFO
SIGHUP: [libjvm.dylib+0x82b710], sa_mask[0]=11111111111111111111111111111111, sa_flags=SA_RESTART|SA_SIGINFO
SIGINT: [libjvm.dylib+0x82b710], sa_mask[0]=11111111111111111111111111111111, sa_flags=SA_RESTART|SA_SIGINFO
SIGTERM: [libjvm.dylib+0x82b710], sa_mask[0]=11111111111111111111111111111111, sa_flags=SA_RESTART|SA_SIGINFO
SIGQUIT: [libjvm.dylib+0x82b710], sa_mask[0]=11111111111111111111111111111111, sa_flags=SA_RESTART|SA_SIGINFO


---------------  S Y S T E M  ---------------

OS:uname: Darwin 20.6.0 Darwin Kernel Version 20.6.0: Wed Jun 23 00:26:27 PDT 2021; root:xnu-7195.141.2~5/RELEASE_ARM64_T8101 x86_64
OS uptime: 3 days 3:57 hours
rlimit (soft/hard): STACK 8176k/65520k , CORE 0k/infinity , NPROC 1333/2000 , NOFILE 10240/infinity , AS infinity/infinity , CPU infinity/infinity , DATA infinity/infinity , FSIZE infinity/infinity , MEMLOCK infinity/infinity , RSS infinity/infinity
load average: 2.47 1.37 1.18

CPU: total 8 (initial active 8) (1 cores per cpu, 1 threads per core) family 6 model 44 stepping 0 microcode 0x0, cmov, cx8, fxsr, mmx, sse, sse2, sse3, ssse3, sse4.1, sse4.2, popcnt, aes, clmul, tsc, tscinvbit, tscinv, clflush

Memory: 4k page, physical 8388608k(62952k free), swap 4194304k(985600k free)

vm_info: OpenJDK 64-Bit Server VM (15.0.2+7-27) for bsd-amd64 JRE (15.0.2+7-27), built on Dec  7 2020 20:01:12 by "mach5one" with clang 4.2.1 Compatible Apple LLVM 10.0.0 (clang-1000.11.45.5)

END.
